checkrange 0x21 read 0x8280 > nul && pxe keep
graphicsmode -1 100:1000 100:1000 24:32
debug 1
command | echo -n | echo -n | echo -n > (md)0x200+1
debug off
call Fn.0 0x40000 "!BAT\necho -P:0000 $[0000]\t\t\t\t\t\t\t\t\t\0" && initscript (md)0x200+1 || set modskip=0
if %@retval%>=0x40000 && set /a modskip=%@retval% - 0x40000 + 1 > nul
cat --skip=%modskip% (md)0x200+1 | set modpath=
cat --length=%modskip% (md)0x200+1 | set modroot=
if "%modpath%"=="" set modpath=/IDBC/GRUB/
cat --length=0 %modroot%%modpath%RUN |; cat --length=0 %@root%%modpath%RUN && set modroot=%@root% ! find --set-root %modpath%RUN &; set modroot=%@root%
command --set-path=%modroot%%modpath%
set modroot=
set modpath=
set modskip=
command /IDBC/GRUB/MENUSETTING n 3 2 26 n 6 68 16
font /IDBC/GRUB/UNIFONT.HEX
#write 0x8274 0x1a01
color normal=31 highlight=0x0E helptext=0x0E heading=0x0A standard=0x0F border=0x0E
splashimage /IDBC/GRUB/BACK.LZMA
default 1

title \n 愿这个世界因为有了我而多了一点点美好。
clear

title CDlinux
find --set-root /CDlinux/bzImage
kernel /CDlinux/bzImage quietCDL_LANG=zh_CN.UTF-8
initrd /CDlinux/initrd
boot

title lubuntu16.04
find --set-root /ISOS/lubuntu16.04/vmlinuz.efi
kernel /ISOS/lubuntu16.04/vmlinuz.efi boot=casper iso-scan/filename=/ISOS/lubuntu-16.04.1-desktop-amd64.iso ro quiet splash locale=zh_CN.UTF-8
initrd /ISOS/lubuntu16.04/initrd.lz

title linuxmint-17.2-cinnamon-64bit.iso
find --set-root /ISOS/linuxmint/vmlinuz
kernel /ISOS/linuxmint/vmlinuz boot=casper iso-scan/filename=/ISOS/linuxmint-17.2-cinnamon-64bit.iso ro quiet locale=zh_CN.UTF-8
initrd /ISOS/linuxmint/initrd.lz

title Fedora-Live-MATE_Compiz-x86_64-22-3.iso
find --set-root /ISOS/fedora/vmlinuz0
kernel /ISOS/fedora/vmlinuz0 ro root=LABEL=/1  rhgb quiet
initrd /ISOS/fedora/initrd0.img

title Fedora Core (2.6.11-1.1369_FC4)
root (hd0,6)
kernel /boot/vmlinuz-2.6.11-1.1369_FC4 ro root=LABEL=/
initrd /boot/initrd-2.6.11-1.1369_FC4.img

title deepin_2014.3_amd64.iso
find --set-root /ISOS/deepin2014/VMLINUZ
kernel /ISOS/deepin2014/VMLINUZ boot=casper iso-scan/filename=/ISOS/deepin_2014.3_amd64.iso ro quiet locale=zh_CN.UTF-8
initrd /ISOS/deepin2014/INITRD.LZ

title deepin_15.3_amd64.iso
find --set-root /ISOS/deepin15.3/VMLINUZ
kernel /ISOS/deepin15.3/VMLINUZ boot=casper iso-scan/filename=/ISOS/deepin_15.3_amd64.iso ro quiet locale=zh_CN.UTF-8
initrd /ISOS/deepin15.3/INITRD.LZ

title deepin2_15.3_amd64.iso
find --set-root /ISOS/deepin15.3/VMLINUZ
kernel /ISOS/deepin15.3/VMLINUZ boot=live iso-scan/filename=/ISOS/deepin_15.3_amd64.iso ro quiet locale=zh_CN.UTF-8
initrd /ISOS/deepin15.3/INITRD.LZ

title deepin3_15.32_amd64.iso
search --file /deepin_15.3_amd64.iso --set=root
set isofile=/deepin_15.3_amd64.iso
loopback loop $isofile
linux (loop)/live/vmlinuz findiso=$isofile noprompt quiet boot=live ro deepin-installer locales=zh_CN.UTF-8 keyboard-configuration/layoutcode=us keyboard-configuration/variantcode= --  rootflags=sync
initrd (loop)/live/initrd.lz
